
  .   ____          _            __ _ _
 /\\ / ___'_ __ _ _(_)_ __  __ _ \ \ \ \
( ( )\___ | '_ | '_| | '_ \/ _` | \ \ \ \
 \\/  ___)| |_)| | | | | || (_| |  ) ) ) )
  '  |____| .__|_| |_|_| |_\__, | / / / /
 =========|_|==============|___/=/_/_/_/

 :: Spring Boot ::                (v3.3.4)

2025-09-09T11:38:41.686+09:00  INFO 69879 --- [           main] kr.goodee.StswebjpaApplication           : Starting StswebjpaApplication v0.0.1-SNAPSHOT using Java 17.0.16 with PID 69879 (/home/kimgyumwon/stswebjpa/target/stswebjpa-0.0.1-SNAPSHOT.jar started by kimgyumwon in /home/kimgyumwon/stswebjpa)
2025-09-09T11:38:41.690+09:00  INFO 69879 --- [           main] kr.goodee.StswebjpaApplication           : No active profile set, falling back to 1 default profile: "default"
2025-09-09T11:38:42.449+09:00  INFO 69879 --- [           main] .s.d.r.c.RepositoryConfigurationDelegate : Bootstrapping Spring Data JPA repositories in DEFAULT mode.
2025-09-09T11:38:42.524+09:00  INFO 69879 --- [           main] .s.d.r.c.RepositoryConfigurationDelegate : Finished Spring Data repository scanning in 66 ms. Found 1 JPA repository interface.
2025-09-09T11:38:43.053+09:00  INFO 69879 --- [           main] o.s.b.w.embedded.tomcat.TomcatWebServer  : Tomcat initialized with port 8080 (http)
2025-09-09T11:38:43.070+09:00  INFO 69879 --- [           main] o.apache.catalina.core.StandardService   : Starting service [Tomcat]
2025-09-09T11:38:43.071+09:00  INFO 69879 --- [           main] o.apache.catalina.core.StandardEngine    : Starting Servlet engine: [Apache Tomcat/10.1.30]
2025-09-09T11:38:43.105+09:00  INFO 69879 --- [           main] o.a.c.c.C.[Tomcat].[localhost].[/]       : Initializing Spring embedded WebApplicationContext
2025-09-09T11:38:43.107+09:00  INFO 69879 --- [           main] w.s.c.ServletWebServerApplicationContext : Root WebApplicationContext: initialization completed in 1359 ms
2025-09-09T11:38:43.255+09:00  INFO 69879 --- [           main] o.hibernate.jpa.internal.util.LogHelper  : HHH000204: Processing PersistenceUnitInfo [name: default]
2025-09-09T11:38:43.327+09:00  INFO 69879 --- [           main] org.hibernate.Version                    : HHH000412: Hibernate ORM core version 6.5.3.Final
2025-09-09T11:38:43.362+09:00  INFO 69879 --- [           main] o.h.c.internal.RegionFactoryInitiator    : HHH000026: Second-level cache disabled
2025-09-09T11:38:43.666+09:00  INFO 69879 --- [           main] o.s.o.j.p.SpringPersistenceUnitInfo      : No LoadTimeWeaver setup: ignoring JPA class transformer
2025-09-09T11:38:43.695+09:00  INFO 69879 --- [           main] com.zaxxer.hikari.HikariDataSource       : HikariPool-1 - Starting...
2025-09-09T11:38:43.823+09:00  INFO 69879 --- [           main] com.zaxxer.hikari.pool.HikariPool        : HikariPool-1 - Added connection org.mariadb.jdbc.Connection@5ebbde60
2025-09-09T11:38:43.826+09:00  INFO 69879 --- [           main] com.zaxxer.hikari.HikariDataSource       : HikariPool-1 - Start completed.
2025-09-09T11:38:44.507+09:00  INFO 69879 --- [           main] o.h.e.t.j.p.i.JtaPlatformInitiator       : HHH000489: No JTA platform available (set 'hibernate.transaction.jta.platform' to enable JTA platform integration)
2025-09-09T11:38:44.533+09:00  INFO 69879 --- [           main] j.LocalContainerEntityManagerFactoryBean : Initialized JPA EntityManagerFactory for persistence unit 'default'
2025-09-09T11:38:44.849+09:00  WARN 69879 --- [           main] JpaBaseConfiguration$JpaWebConfiguration : spring.jpa.open-in-view is enabled by default. Therefore, database queries may be performed during view rendering. Explicitly configure spring.jpa.open-in-view to disable this warning
2025-09-09T11:38:45.252+09:00  INFO 69879 --- [           main] o.s.b.w.embedded.tomcat.TomcatWebServer  : Tomcat started on port 8080 (http) with context path '/'
2025-09-09T11:38:45.276+09:00  INFO 69879 --- [           main] kr.goodee.StswebjpaApplication           : Started StswebjpaApplication in 4.05 seconds (process running for 4.75)
2025-09-09T11:38:46.384+09:00  INFO 69879 --- [nio-8080-exec-1] o.a.c.c.C.[Tomcat].[localhost].[/]       : Initializing Spring DispatcherServlet 'dispatcherServlet'
2025-09-09T11:38:46.384+09:00  INFO 69879 --- [nio-8080-exec-1] o.s.web.servlet.DispatcherServlet        : Initializing Servlet 'dispatcherServlet'
2025-09-09T11:38:46.385+09:00  INFO 69879 --- [nio-8080-exec-1] o.s.web.servlet.DispatcherServlet        : Completed initialization in 1 ms
Hibernate: 
    select
        m1_0.mb_seq,
        m1_0.mb_email,
        m1_0.mb_id,
        m1_0.mb_name,
        m1_0.mb_nickname 
    from
        mem m1_0
Hibernate: 
    select
        m1_0.mb_seq,
        m1_0.mb_email,
        m1_0.mb_id,
        m1_0.mb_name,
        m1_0.mb_nickname 
    from
        mem m1_0
2025-09-09T11:41:14.877+09:00  INFO 69879 --- [ionShutdownHook] j.LocalContainerEntityManagerFactoryBean : Closing JPA EntityManagerFactory for persistence unit 'default'
2025-09-09T11:41:14.881+09:00  INFO 69879 --- [ionShutdownHook] com.zaxxer.hikari.HikariDataSource       : HikariPool-1 - Shutdown initiated...
2025-09-09T11:41:14.888+09:00  INFO 69879 --- [ionShutdownHook] com.zaxxer.hikari.HikariDataSource       : HikariPool-1 - Shutdown completed.

  .   ____          _            __ _ _
 /\\ / ___'_ __ _ _(_)_ __  __ _ \ \ \ \
( ( )\___ | '_ | '_| | '_ \/ _` | \ \ \ \
 \\/  ___)| |_)| | | | | || (_| |  ) ) ) )
  '  |____| .__|_| |_|_| |_\__, | / / / /
 =========|_|==============|___/=/_/_/_/

 :: Spring Boot ::                (v3.3.4)

2025-09-09T11:49:21.785+09:00  INFO 75303 --- [           main] kr.goodee.StswebjpaApplication           : Starting StswebjpaApplication v0.0.1-SNAPSHOT using Java 17.0.16 with PID 75303 (/home/kimgyumwon/stswebjpa/target/stswebjpa-0.0.1-SNAPSHOT.jar started by kimgyumwon in /home/kimgyumwon/stswebjpa)
2025-09-09T11:49:21.788+09:00  INFO 75303 --- [           main] kr.goodee.StswebjpaApplication           : No active profile set, falling back to 1 default profile: "default"
2025-09-09T11:49:22.453+09:00  INFO 75303 --- [           main] .s.d.r.c.RepositoryConfigurationDelegate : Bootstrapping Spring Data JPA repositories in DEFAULT mode.
2025-09-09T11:49:22.504+09:00  INFO 75303 --- [           main] .s.d.r.c.RepositoryConfigurationDelegate : Finished Spring Data repository scanning in 44 ms. Found 1 JPA repository interface.
2025-09-09T11:49:22.975+09:00  INFO 75303 --- [           main] o.s.b.w.embedded.tomcat.TomcatWebServer  : Tomcat initialized with port 80 (http)
2025-09-09T11:49:22.992+09:00  INFO 75303 --- [           main] o.apache.catalina.core.StandardService   : Starting service [Tomcat]
2025-09-09T11:49:22.993+09:00  INFO 75303 --- [           main] o.apache.catalina.core.StandardEngine    : Starting Servlet engine: [Apache Tomcat/10.1.30]
2025-09-09T11:49:23.024+09:00  INFO 75303 --- [           main] o.a.c.c.C.[Tomcat].[localhost].[/]       : Initializing Spring embedded WebApplicationContext
2025-09-09T11:49:23.025+09:00  INFO 75303 --- [           main] w.s.c.ServletWebServerApplicationContext : Root WebApplicationContext: initialization completed in 1191 ms
2025-09-09T11:49:23.158+09:00  INFO 75303 --- [           main] o.hibernate.jpa.internal.util.LogHelper  : HHH000204: Processing PersistenceUnitInfo [name: default]
2025-09-09T11:49:23.202+09:00  INFO 75303 --- [           main] org.hibernate.Version                    : HHH000412: Hibernate ORM core version 6.5.3.Final
2025-09-09T11:49:23.231+09:00  INFO 75303 --- [           main] o.h.c.internal.RegionFactoryInitiator    : HHH000026: Second-level cache disabled
2025-09-09T11:49:23.466+09:00  INFO 75303 --- [           main] o.s.o.j.p.SpringPersistenceUnitInfo      : No LoadTimeWeaver setup: ignoring JPA class transformer
2025-09-09T11:49:23.495+09:00  INFO 75303 --- [           main] com.zaxxer.hikari.HikariDataSource       : HikariPool-1 - Starting...
2025-09-09T11:49:23.577+09:00  INFO 75303 --- [           main] com.zaxxer.hikari.pool.HikariPool        : HikariPool-1 - Added connection org.mariadb.jdbc.Connection@250967f1
2025-09-09T11:49:23.579+09:00  INFO 75303 --- [           main] com.zaxxer.hikari.HikariDataSource       : HikariPool-1 - Start completed.
2025-09-09T11:49:24.186+09:00  INFO 75303 --- [           main] o.h.e.t.j.p.i.JtaPlatformInitiator       : HHH000489: No JTA platform available (set 'hibernate.transaction.jta.platform' to enable JTA platform integration)
2025-09-09T11:49:24.213+09:00  INFO 75303 --- [           main] j.LocalContainerEntityManagerFactoryBean : Initialized JPA EntityManagerFactory for persistence unit 'default'
2025-09-09T11:49:24.525+09:00  WARN 75303 --- [           main] JpaBaseConfiguration$JpaWebConfiguration : spring.jpa.open-in-view is enabled by default. Therefore, database queries may be performed during view rendering. Explicitly configure spring.jpa.open-in-view to disable this warning
2025-09-09T11:49:24.840+09:00  WARN 75303 --- [           main] ConfigServletWebServerApplicationContext : Exception encountered during context initialization - cancelling refresh attempt: org.springframework.context.ApplicationContextException: Failed to start bean 'webServerStartStop'
2025-09-09T11:49:24.841+09:00  INFO 75303 --- [           main] j.LocalContainerEntityManagerFactoryBean : Closing JPA EntityManagerFactory for persistence unit 'default'
2025-09-09T11:49:24.843+09:00  INFO 75303 --- [           main] com.zaxxer.hikari.HikariDataSource       : HikariPool-1 - Shutdown initiated...
2025-09-09T11:49:24.847+09:00  INFO 75303 --- [           main] com.zaxxer.hikari.HikariDataSource       : HikariPool-1 - Shutdown completed.
2025-09-09T11:49:24.859+09:00  INFO 75303 --- [           main] .s.b.a.l.ConditionEvaluationReportLogger : 

Error starting ApplicationContext. To display the condition evaluation report re-run your application with 'debug' enabled.
2025-09-09T11:49:24.875+09:00 ERROR 75303 --- [           main] o.s.boot.SpringApplication               : Application run failed

org.springframework.context.ApplicationContextException: Failed to start bean 'webServerStartStop'
	at org.springframework.context.support.DefaultLifecycleProcessor.doStart(DefaultLifecycleProcessor.java:288) ~[spring-context-6.1.13.jar!/:6.1.13]
	at org.springframework.context.support.DefaultLifecycleProcessor$LifecycleGroup.start(DefaultLifecycleProcessor.java:472) ~[spring-context-6.1.13.jar!/:6.1.13]
	at java.base/java.lang.Iterable.forEach(Iterable.java:75) ~[na:na]
	at org.springframework.context.support.DefaultLifecycleProcessor.startBeans(DefaultLifecycleProcessor.java:257) ~[spring-context-6.1.13.jar!/:6.1.13]
	at org.springframework.context.support.DefaultLifecycleProcessor.onRefresh(DefaultLifecycleProcessor.java:202) ~[spring-context-6.1.13.jar!/:6.1.13]
	at org.springframework.context.support.AbstractApplicationContext.finishRefresh(AbstractApplicationContext.java:990) ~[spring-context-6.1.13.jar!/:6.1.13]
	at org.springframework.context.support.AbstractApplicationContext.refresh(AbstractApplicationContext.java:628) ~[spring-context-6.1.13.jar!/:6.1.13]
	at org.springframework.boot.web.servlet.context.ServletWebServerApplicationContext.refresh(ServletWebServerApplicationContext.java:146) ~[spring-boot-3.3.4.jar!/:3.3.4]
	at org.springframework.boot.SpringApplication.refresh(SpringApplication.java:754) ~[spring-boot-3.3.4.jar!/:3.3.4]
	at org.springframework.boot.SpringApplication.refreshContext(SpringApplication.java:456) ~[spring-boot-3.3.4.jar!/:3.3.4]
	at org.springframework.boot.SpringApplication.run(SpringApplication.java:335) ~[spring-boot-3.3.4.jar!/:3.3.4]
	at org.springframework.boot.SpringApplication.run(SpringApplication.java:1363) ~[spring-boot-3.3.4.jar!/:3.3.4]
	at org.springframework.boot.SpringApplication.run(SpringApplication.java:1352) ~[spring-boot-3.3.4.jar!/:3.3.4]
	at kr.goodee.StswebjpaApplication.main(StswebjpaApplication.java:17) ~[!/:0.0.1-SNAPSHOT]
	at java.base/jdk.internal.reflect.NativeMethodAccessorImpl.invoke0(Native Method) ~[na:na]
	at java.base/jdk.internal.reflect.NativeMethodAccessorImpl.invoke(NativeMethodAccessorImpl.java:77) ~[na:na]
	at java.base/jdk.internal.reflect.DelegatingMethodAccessorImpl.invoke(DelegatingMethodAccessorImpl.java:43) ~[na:na]
	at java.base/java.lang.reflect.Method.invoke(Method.java:569) ~[na:na]
	at org.springframework.boot.loader.launch.Launcher.launch(Launcher.java:102) ~[stswebjpa-0.0.1-SNAPSHOT.jar:0.0.1-SNAPSHOT]
	at org.springframework.boot.loader.launch.Launcher.launch(Launcher.java:64) ~[stswebjpa-0.0.1-SNAPSHOT.jar:0.0.1-SNAPSHOT]
	at org.springframework.boot.loader.launch.JarLauncher.main(JarLauncher.java:40) ~[stswebjpa-0.0.1-SNAPSHOT.jar:0.0.1-SNAPSHOT]
Caused by: org.springframework.boot.web.server.WebServerException: Unable to start embedded Tomcat server
	at org.springframework.boot.web.embedded.tomcat.TomcatWebServer.start(TomcatWebServer.java:251) ~[spring-boot-3.3.4.jar!/:3.3.4]
	at org.springframework.boot.web.servlet.context.WebServerStartStopLifecycle.start(WebServerStartStopLifecycle.java:44) ~[spring-boot-3.3.4.jar!/:3.3.4]
	at org.springframework.context.support.DefaultLifecycleProcessor.doStart(DefaultLifecycleProcessor.java:285) ~[spring-context-6.1.13.jar!/:6.1.13]
	... 20 common frames omitted
Caused by: java.lang.IllegalArgumentException: standardService.connector.startFailed
	at org.apache.catalina.core.StandardService.addConnector(StandardService.java:222) ~[tomcat-embed-core-10.1.30.jar!/:na]
	at org.springframework.boot.web.embedded.tomcat.TomcatWebServer.addPreviouslyRemovedConnectors(TomcatWebServer.java:310) ~[spring-boot-3.3.4.jar!/:3.3.4]
	at org.springframework.boot.web.embedded.tomcat.TomcatWebServer.start(TomcatWebServer.java:236) ~[spring-boot-3.3.4.jar!/:3.3.4]
	... 22 common frames omitted
Caused by: org.apache.catalina.LifecycleException: Protocol handler start failed
	at org.apache.catalina.connector.Connector.startInternal(Connector.java:1061) ~[tomcat-embed-core-10.1.30.jar!/:na]
	at org.apache.catalina.util.LifecycleBase.start(LifecycleBase.java:164) ~[tomcat-embed-core-10.1.30.jar!/:na]
	at org.apache.catalina.core.StandardService.addConnector(StandardService.java:219) ~[tomcat-embed-core-10.1.30.jar!/:na]
	... 24 common frames omitted
Caused by: java.net.BindException: Permission denied
	at java.base/sun.nio.ch.Net.bind0(Native Method) ~[na:na]
	at java.base/sun.nio.ch.Net.bind(Net.java:555) ~[na:na]
	at java.base/sun.nio.ch.ServerSocketChannelImpl.netBind(ServerSocketChannelImpl.java:337) ~[na:na]
	at java.base/sun.nio.ch.ServerSocketChannelImpl.bind(ServerSocketChannelImpl.java:294) ~[na:na]
	at org.apache.tomcat.util.net.NioEndpoint.initServerSocket(NioEndpoint.java:239) ~[tomcat-embed-core-10.1.30.jar!/:na]
	at org.apache.tomcat.util.net.NioEndpoint.bind(NioEndpoint.java:194) ~[tomcat-embed-core-10.1.30.jar!/:na]
	at org.apache.tomcat.util.net.AbstractEndpoint.bindWithCleanup(AbstractEndpoint.java:1304) ~[tomcat-embed-core-10.1.30.jar!/:na]
	at org.apache.tomcat.util.net.AbstractEndpoint.start(AbstractEndpoint.java:1390) ~[tomcat-embed-core-10.1.30.jar!/:na]
	at org.apache.coyote.AbstractProtocol.start(AbstractProtocol.java:644) ~[tomcat-embed-core-10.1.30.jar!/:na]
	at org.apache.catalina.connector.Connector.startInternal(Connector.java:1058) ~[tomcat-embed-core-10.1.30.jar!/:na]
	... 26 common frames omitted


  .   ____          _            __ _ _
 /\\ / ___'_ __ _ _(_)_ __  __ _ \ \ \ \
( ( )\___ | '_ | '_| | '_ \/ _` | \ \ \ \
 \\/  ___)| |_)| | | | | || (_| |  ) ) ) )
  '  |____| .__|_| |_|_| |_\__, | / / / /
 =========|_|==============|___/=/_/_/_/

 :: Spring Boot ::                (v3.3.4)

2025-09-09T11:50:32.926+09:00  INFO 75975 --- [           main] kr.goodee.StswebjpaApplication           : Starting StswebjpaApplication v0.0.1-SNAPSHOT using Java 17.0.16 with PID 75975 (/home/kimgyumwon/stswebjpa/target/stswebjpa-0.0.1-SNAPSHOT.jar started by root in /home/kimgyumwon/stswebjpa)
2025-09-09T11:50:32.928+09:00  INFO 75975 --- [           main] kr.goodee.StswebjpaApplication           : No active profile set, falling back to 1 default profile: "default"
2025-09-09T11:50:33.606+09:00  INFO 75975 --- [           main] .s.d.r.c.RepositoryConfigurationDelegate : Bootstrapping Spring Data JPA repositories in DEFAULT mode.
2025-09-09T11:50:33.661+09:00  INFO 75975 --- [           main] .s.d.r.c.RepositoryConfigurationDelegate : Finished Spring Data repository scanning in 49 ms. Found 1 JPA repository interface.
2025-09-09T11:50:34.136+09:00  INFO 75975 --- [           main] o.s.b.w.embedded.tomcat.TomcatWebServer  : Tomcat initialized with port 80 (http)
2025-09-09T11:50:34.147+09:00  INFO 75975 --- [           main] o.apache.catalina.core.StandardService   : Starting service [Tomcat]
2025-09-09T11:50:34.147+09:00  INFO 75975 --- [           main] o.apache.catalina.core.StandardEngine    : Starting Servlet engine: [Apache Tomcat/10.1.30]
2025-09-09T11:50:34.182+09:00  INFO 75975 --- [           main] o.a.c.c.C.[Tomcat].[localhost].[/]       : Initializing Spring embedded WebApplicationContext
2025-09-09T11:50:34.183+09:00  INFO 75975 --- [           main] w.s.c.ServletWebServerApplicationContext : Root WebApplicationContext: initialization completed in 1205 ms
2025-09-09T11:50:34.306+09:00  INFO 75975 --- [           main] o.hibernate.jpa.internal.util.LogHelper  : HHH000204: Processing PersistenceUnitInfo [name: default]
2025-09-09T11:50:34.349+09:00  INFO 75975 --- [           main] org.hibernate.Version                    : HHH000412: Hibernate ORM core version 6.5.3.Final
2025-09-09T11:50:34.378+09:00  INFO 75975 --- [           main] o.h.c.internal.RegionFactoryInitiator    : HHH000026: Second-level cache disabled
2025-09-09T11:50:34.600+09:00  INFO 75975 --- [           main] o.s.o.j.p.SpringPersistenceUnitInfo      : No LoadTimeWeaver setup: ignoring JPA class transformer
2025-09-09T11:50:34.623+09:00  INFO 75975 --- [           main] com.zaxxer.hikari.HikariDataSource       : HikariPool-1 - Starting...
2025-09-09T11:50:34.726+09:00  INFO 75975 --- [           main] com.zaxxer.hikari.pool.HikariPool        : HikariPool-1 - Added connection org.mariadb.jdbc.Connection@2a5abd3c
2025-09-09T11:50:34.727+09:00  INFO 75975 --- [           main] com.zaxxer.hikari.HikariDataSource       : HikariPool-1 - Start completed.
2025-09-09T11:50:35.333+09:00  INFO 75975 --- [           main] o.h.e.t.j.p.i.JtaPlatformInitiator       : HHH000489: No JTA platform available (set 'hibernate.transaction.jta.platform' to enable JTA platform integration)
2025-09-09T11:50:35.358+09:00  INFO 75975 --- [           main] j.LocalContainerEntityManagerFactoryBean : Initialized JPA EntityManagerFactory for persistence unit 'default'
2025-09-09T11:50:35.688+09:00  WARN 75975 --- [           main] JpaBaseConfiguration$JpaWebConfiguration : spring.jpa.open-in-view is enabled by default. Therefore, database queries may be performed during view rendering. Explicitly configure spring.jpa.open-in-view to disable this warning
2025-09-09T11:50:36.077+09:00  INFO 75975 --- [           main] o.s.b.w.embedded.tomcat.TomcatWebServer  : Tomcat started on port 80 (http) with context path '/'
2025-09-09T11:50:36.091+09:00  INFO 75975 --- [           main] kr.goodee.StswebjpaApplication           : Started StswebjpaApplication in 3.582 seconds (process running for 4.014)
2025-09-09T11:50:39.789+09:00  INFO 75975 --- [p-nio-80-exec-1] o.a.c.c.C.[Tomcat].[localhost].[/]       : Initializing Spring DispatcherServlet 'dispatcherServlet'
2025-09-09T11:50:39.790+09:00  INFO 75975 --- [p-nio-80-exec-1] o.s.web.servlet.DispatcherServlet        : Initializing Servlet 'dispatcherServlet'
2025-09-09T11:50:39.791+09:00  INFO 75975 --- [p-nio-80-exec-1] o.s.web.servlet.DispatcherServlet        : Completed initialization in 1 ms
Hibernate: 
    select
        m1_0.mb_seq,
        m1_0.mb_email,
        m1_0.mb_id,
        m1_0.mb_name,
        m1_0.mb_nickname 
    from
        mem m1_0
Hibernate: 
    select
        m1_0.mb_seq,
        m1_0.mb_email,
        m1_0.mb_id,
        m1_0.mb_name,
        m1_0.mb_nickname 
    from
        mem m1_0
{mb_id=hello, mb_name=홍, mb_nickname=test, mb_email=test@test.com}
{}
{mb_id=hello, mb_name=홍, mb_nickname=test, mb_email=test@test.com}
Hibernate: 
    select
        next value for mem_seq
Hibernate: 
    insert 
    into
        mem
        (mb_email, mb_id, mb_name, mb_nickname, mb_seq) 
    values
        (?, ?, ?, ?, ?)
Hibernate: 
    select
        m1_0.mb_seq,
        m1_0.mb_email,
        m1_0.mb_id,
        m1_0.mb_name,
        m1_0.mb_nickname 
    from
        mem m1_0
2025-09-09T15:49:32.485+09:00  INFO 75975 --- [ionShutdownHook] j.LocalContainerEntityManagerFactoryBean : Closing JPA EntityManagerFactory for persistence unit 'default'
2025-09-09T15:49:32.521+09:00  INFO 75975 --- [ionShutdownHook] com.zaxxer.hikari.HikariDataSource       : HikariPool-1 - Shutdown initiated...
2025-09-09T15:49:32.533+09:00  INFO 75975 --- [ionShutdownHook] com.zaxxer.hikari.HikariDataSource       : HikariPool-1 - Shutdown completed.

  .   ____          _            __ _ _
 /\\ / ___'_ __ _ _(_)_ __  __ _ \ \ \ \
( ( )\___ | '_ | '_| | '_ \/ _` | \ \ \ \
 \\/  ___)| |_)| | | | | || (_| |  ) ) ) )
  '  |____| .__|_| |_|_| |_\__, | / / / /
 =========|_|==============|___/=/_/_/_/

 :: Spring Boot ::                (v3.3.4)

2025-09-09T16:28:34.793+09:00  INFO 126132 --- [           main] kr.goodee.StswebjpaApplication           : Starting StswebjpaApplication v0.0.1-SNAPSHOT using Java 17.0.16 with PID 126132 (/home/kimgyumwon/stswebjpa/target/stswebjpa-0.0.1-SNAPSHOT.jar started by root in /home/kimgyumwon/stswebjpa)
2025-09-09T16:28:34.796+09:00  INFO 126132 --- [           main] kr.goodee.StswebjpaApplication           : No active profile set, falling back to 1 default profile: "default"
2025-09-09T16:28:35.570+09:00  INFO 126132 --- [           main] .s.d.r.c.RepositoryConfigurationDelegate : Bootstrapping Spring Data JPA repositories in DEFAULT mode.
2025-09-09T16:28:35.644+09:00  INFO 126132 --- [           main] .s.d.r.c.RepositoryConfigurationDelegate : Finished Spring Data repository scanning in 64 ms. Found 1 JPA repository interface.
2025-09-09T16:28:36.167+09:00  INFO 126132 --- [           main] o.s.b.w.embedded.tomcat.TomcatWebServer  : Tomcat initialized with port 8080 (http)
2025-09-09T16:28:36.186+09:00  INFO 126132 --- [           main] o.apache.catalina.core.StandardService   : Starting service [Tomcat]
2025-09-09T16:28:36.186+09:00  INFO 126132 --- [           main] o.apache.catalina.core.StandardEngine    : Starting Servlet engine: [Apache Tomcat/10.1.30]
2025-09-09T16:28:36.220+09:00  INFO 126132 --- [           main] o.a.c.c.C.[Tomcat].[localhost].[/]       : Initializing Spring embedded WebApplicationContext
2025-09-09T16:28:36.221+09:00  INFO 126132 --- [           main] w.s.c.ServletWebServerApplicationContext : Root WebApplicationContext: initialization completed in 1366 ms
2025-09-09T16:28:36.376+09:00  INFO 126132 --- [           main] o.hibernate.jpa.internal.util.LogHelper  : HHH000204: Processing PersistenceUnitInfo [name: default]
2025-09-09T16:28:36.456+09:00  INFO 126132 --- [           main] org.hibernate.Version                    : HHH000412: Hibernate ORM core version 6.5.3.Final
2025-09-09T16:28:36.496+09:00  INFO 126132 --- [           main] o.h.c.internal.RegionFactoryInitiator    : HHH000026: Second-level cache disabled
2025-09-09T16:28:36.810+09:00  INFO 126132 --- [           main] o.s.o.j.p.SpringPersistenceUnitInfo      : No LoadTimeWeaver setup: ignoring JPA class transformer
2025-09-09T16:28:36.846+09:00  INFO 126132 --- [           main] com.zaxxer.hikari.HikariDataSource       : HikariPool-1 - Starting...
2025-09-09T16:28:36.949+09:00  INFO 126132 --- [           main] com.zaxxer.hikari.pool.HikariPool        : HikariPool-1 - Added connection org.mariadb.jdbc.Connection@5ebbde60
2025-09-09T16:28:36.951+09:00  INFO 126132 --- [           main] com.zaxxer.hikari.HikariDataSource       : HikariPool-1 - Start completed.
2025-09-09T16:28:37.606+09:00  INFO 126132 --- [           main] o.h.e.t.j.p.i.JtaPlatformInitiator       : HHH000489: No JTA platform available (set 'hibernate.transaction.jta.platform' to enable JTA platform integration)
2025-09-09T16:28:37.634+09:00  INFO 126132 --- [           main] j.LocalContainerEntityManagerFactoryBean : Initialized JPA EntityManagerFactory for persistence unit 'default'
2025-09-09T16:28:37.984+09:00  WARN 126132 --- [           main] JpaBaseConfiguration$JpaWebConfiguration : spring.jpa.open-in-view is enabled by default. Therefore, database queries may be performed during view rendering. Explicitly configure spring.jpa.open-in-view to disable this warning
2025-09-09T16:28:38.327+09:00  INFO 126132 --- [           main] o.s.b.w.embedded.tomcat.TomcatWebServer  : Tomcat started on port 8080 (http) with context path '/'
2025-09-09T16:28:38.353+09:00  INFO 126132 --- [           main] kr.goodee.StswebjpaApplication           : Started StswebjpaApplication in 4.046 seconds (process running for 4.735)
Error: -jar requires jar file specification
Usage: java [options] <mainclass> [args...]
           (to execute a class)
   or  java [options] -jar <jarfile> [args...]
           (to execute a jar file)
   or  java [options] -m <module>[/<mainclass>] [args...]
       java [options] --module <module>[/<mainclass>] [args...]
           (to execute the main class in a module)
   or  java [options] <sourcefile> [args]
           (to execute a single source-file program)

 Arguments following the main class, source file, -jar <jarfile>,
 -m or --module <module>/<mainclass> are passed as the arguments to
 main class.

 where options include:

    -zero	  to select the "zero" VM
    -dcevm	  to select the "dcevm" VM
    -cp <class search path of directories and zip/jar files>
    -classpath <class search path of directories and zip/jar files>
    --class-path <class search path of directories and zip/jar files>
                  A : separated list of directories, JAR archives,
                  and ZIP archives to search for class files.
    -p <module path>
    --module-path <module path>...
                  A : separated list of directories, each directory
                  is a directory of modules.
    --upgrade-module-path <module path>...
                  A : separated list of directories, each directory
                  is a directory of modules that replace upgradeable
                  modules in the runtime image
    --add-modules <module name>[,<module name>...]
                  root modules to resolve in addition to the initial module.
                  <module name> can also be ALL-DEFAULT, ALL-SYSTEM,
                  ALL-MODULE-PATH.
    --enable-native-access <module name>[,<module name>...]
                  modules that are permitted to perform restricted native operations.
                  <module name> can also be ALL-UNNAMED.
    --list-modules
                  list observable modules and exit
    -d <module name>
    --describe-module <module name>
                  describe a module and exit
    --dry-run     create VM and load main class but do not execute main method.
                  The --dry-run option may be useful for validating the
                  command-line options such as the module system configuration.
    --validate-modules
                  validate all modules and exit
                  The --validate-modules option may be useful for finding
                  conflicts and other errors with modules on the module path.
    -D<name>=<value>
                  set a system property
    -verbose:[class|module|gc|jni]
                  enable verbose output for the given subsystem
    -version      print product version to the error stream and exit
    --version     print product version to the output stream and exit
    -showversion  print product version to the error stream and continue
    --show-version
                  print product version to the output stream and continue
    --show-module-resolution
                  show module resolution output during startup
    -? -h -help
                  print this help message to the error stream
    --help        print this help message to the output stream
    -X            print help on extra options to the error stream
    --help-extra  print help on extra options to the output stream
    -ea[:<packagename>...|:<classname>]
    -enableassertions[:<packagename>...|:<classname>]
                  enable assertions with specified granularity
    -da[:<packagename>...|:<classname>]
    -disableassertions[:<packagename>...|:<classname>]
                  disable assertions with specified granularity
    -esa | -enablesystemassertions
                  enable system assertions
    -dsa | -disablesystemassertions
                  disable system assertions
    -agentlib:<libname>[=<options>]
                  load native agent library <libname>, e.g. -agentlib:jdwp
                  see also -agentlib:jdwp=help
    -agentpath:<pathname>[=<options>]
                  load native agent library by full pathname
    -javaagent:<jarpath>[=<options>]
                  load Java programming language agent, see java.lang.instrument
    -splash:<imagepath>
                  show splash screen with specified image
                  HiDPI scaled images are automatically supported and used
                  if available. The unscaled image filename, e.g. image.ext,
                  should always be passed as the argument to the -splash option.
                  The most appropriate scaled image provided will be picked up
                  automatically.
                  See the SplashScreen API documentation for more information
    @argument files
                  one or more argument files containing options
    -disable-@files
                  prevent further argument file expansion
    --enable-preview
                  allow classes to depend on preview features of this release
To specify an argument for a long option, you can use --<name>=<value> or
--<name> <value>.

Error: -jar requires jar file specification
Usage: java [options] <mainclass> [args...]
           (to execute a class)
   or  java [options] -jar <jarfile> [args...]
           (to execute a jar file)
   or  java [options] -m <module>[/<mainclass>] [args...]
       java [options] --module <module>[/<mainclass>] [args...]
           (to execute the main class in a module)
   or  java [options] <sourcefile> [args]
           (to execute a single source-file program)

 Arguments following the main class, source file, -jar <jarfile>,
 -m or --module <module>/<mainclass> are passed as the arguments to
 main class.

 where options include:

    -zero	  to select the "zero" VM
    -dcevm	  to select the "dcevm" VM
    -cp <class search path of directories and zip/jar files>
    -classpath <class search path of directories and zip/jar files>
    --class-path <class search path of directories and zip/jar files>
                  A : separated list of directories, JAR archives,
                  and ZIP archives to search for class files.
    -p <module path>
    --module-path <module path>...
                  A : separated list of directories, each directory
                  is a directory of modules.
    --upgrade-module-path <module path>...
                  A : separated list of directories, each directory
                  is a directory of modules that replace upgradeable
                  modules in the runtime image
    --add-modules <module name>[,<module name>...]
                  root modules to resolve in addition to the initial module.
                  <module name> can also be ALL-DEFAULT, ALL-SYSTEM,
                  ALL-MODULE-PATH.
    --enable-native-access <module name>[,<module name>...]
                  modules that are permitted to perform restricted native operations.
                  <module name> can also be ALL-UNNAMED.
    --list-modules
                  list observable modules and exit
    -d <module name>
    --describe-module <module name>
                  describe a module and exit
    --dry-run     create VM and load main class but do not execute main method.
                  The --dry-run option may be useful for validating the
                  command-line options such as the module system configuration.
    --validate-modules
                  validate all modules and exit
                  The --validate-modules option may be useful for finding
                  conflicts and other errors with modules on the module path.
    -D<name>=<value>
                  set a system property
    -verbose:[class|module|gc|jni]
                  enable verbose output for the given subsystem
    -version      print product version to the error stream and exit
    --version     print product version to the output stream and exit
    -showversion  print product version to the error stream and continue
    --show-version
                  print product version to the output stream and continue
    --show-module-resolution
                  show module resolution output during startup
    -? -h -help
                  print this help message to the error stream
    --help        print this help message to the output stream
    -X            print help on extra options to the error stream
    --help-extra  print help on extra options to the output stream
    -ea[:<packagename>...|:<classname>]
    -enableassertions[:<packagename>...|:<classname>]
                  enable assertions with specified granularity
    -da[:<packagename>...|:<classname>]
    -disableassertions[:<packagename>...|:<classname>]
                  disable assertions with specified granularity
    -esa | -enablesystemassertions
                  enable system assertions
    -dsa | -disablesystemassertions
                  disable system assertions
    -agentlib:<libname>[=<options>]
                  load native agent library <libname>, e.g. -agentlib:jdwp
                  see also -agentlib:jdwp=help
    -agentpath:<pathname>[=<options>]
                  load native agent library by full pathname
    -javaagent:<jarpath>[=<options>]
                  load Java programming language agent, see java.lang.instrument
    -splash:<imagepath>
                  show splash screen with specified image
                  HiDPI scaled images are automatically supported and used
                  if available. The unscaled image filename, e.g. image.ext,
                  should always be passed as the argument to the -splash option.
                  The most appropriate scaled image provided will be picked up
                  automatically.
                  See the SplashScreen API documentation for more information
    @argument files
                  one or more argument files containing options
    -disable-@files
                  prevent further argument file expansion
    --enable-preview
                  allow classes to depend on preview features of this release
To specify an argument for a long option, you can use --<name>=<value> or
--<name> <value>.

sudo: unable to read password: Input/output error
sudo: a password is required
sudo: unable to read password: Input/output error
sudo: a password is required

  .   ____          _            __ _ _
 /\\ / ___'_ __ _ _(_)_ __  __ _ \ \ \ \
( ( )\___ | '_ | '_| | '_ \/ _` | \ \ \ \
 \\/  ___)| |_)| | | | | || (_| |  ) ) ) )
  '  |____| .__|_| |_|_| |_\__, | / / / /
 =========|_|==============|___/=/_/_/_/

 :: Spring Boot ::                (v3.3.4)

2025-09-09T16:51:05.936+09:00  INFO 134365 --- [           main] kr.goodee.StswebjpaApplication           : Starting StswebjpaApplication v0.0.1-SNAPSHOT using Java 17.0.16 with PID 134365 (/home/kimgyumwon/stswebjpa/target/stswebjpa-0.0.1-SNAPSHOT.jar started by root in /home/kimgyumwon/stswebjpa)
2025-09-09T16:51:05.939+09:00  INFO 134365 --- [           main] kr.goodee.StswebjpaApplication           : No active profile set, falling back to 1 default profile: "default"
2025-09-09T16:51:06.719+09:00  INFO 134365 --- [           main] .s.d.r.c.RepositoryConfigurationDelegate : Bootstrapping Spring Data JPA repositories in DEFAULT mode.
2025-09-09T16:51:06.787+09:00  INFO 134365 --- [           main] .s.d.r.c.RepositoryConfigurationDelegate : Finished Spring Data repository scanning in 57 ms. Found 1 JPA repository interface.
2025-09-09T16:51:07.312+09:00  INFO 134365 --- [           main] o.s.b.w.embedded.tomcat.TomcatWebServer  : Tomcat initialized with port 8080 (http)
2025-09-09T16:51:07.329+09:00  INFO 134365 --- [           main] o.apache.catalina.core.StandardService   : Starting service [Tomcat]
2025-09-09T16:51:07.329+09:00  INFO 134365 --- [           main] o.apache.catalina.core.StandardEngine    : Starting Servlet engine: [Apache Tomcat/10.1.30]
2025-09-09T16:51:07.366+09:00  INFO 134365 --- [           main] o.a.c.c.C.[Tomcat].[localhost].[/]       : Initializing Spring embedded WebApplicationContext
2025-09-09T16:51:07.367+09:00  INFO 134365 --- [           main] w.s.c.ServletWebServerApplicationContext : Root WebApplicationContext: initialization completed in 1372 ms
2025-09-09T16:51:07.516+09:00  INFO 134365 --- [           main] o.hibernate.jpa.internal.util.LogHelper  : HHH000204: Processing PersistenceUnitInfo [name: default]
2025-09-09T16:51:07.584+09:00  INFO 134365 --- [           main] org.hibernate.Version                    : HHH000412: Hibernate ORM core version 6.5.3.Final
2025-09-09T16:51:07.617+09:00  INFO 134365 --- [           main] o.h.c.internal.RegionFactoryInitiator    : HHH000026: Second-level cache disabled
2025-09-09T16:51:07.938+09:00  INFO 134365 --- [           main] o.s.o.j.p.SpringPersistenceUnitInfo      : No LoadTimeWeaver setup: ignoring JPA class transformer
2025-09-09T16:51:07.970+09:00  INFO 134365 --- [           main] com.zaxxer.hikari.HikariDataSource       : HikariPool-1 - Starting...
2025-09-09T16:51:08.075+09:00  INFO 134365 --- [           main] com.zaxxer.hikari.pool.HikariPool        : HikariPool-1 - Added connection org.mariadb.jdbc.Connection@25c1f5ee
2025-09-09T16:51:08.077+09:00  INFO 134365 --- [           main] com.zaxxer.hikari.HikariDataSource       : HikariPool-1 - Start completed.
2025-09-09T16:51:08.718+09:00  INFO 134365 --- [           main] o.h.e.t.j.p.i.JtaPlatformInitiator       : HHH000489: No JTA platform available (set 'hibernate.transaction.jta.platform' to enable JTA platform integration)
2025-09-09T16:51:08.743+09:00  INFO 134365 --- [           main] j.LocalContainerEntityManagerFactoryBean : Initialized JPA EntityManagerFactory for persistence unit 'default'
2025-09-09T16:51:09.108+09:00  WARN 134365 --- [           main] JpaBaseConfiguration$JpaWebConfiguration : spring.jpa.open-in-view is enabled by default. Therefore, database queries may be performed during view rendering. Explicitly configure spring.jpa.open-in-view to disable this warning
2025-09-09T16:51:09.453+09:00  INFO 134365 --- [           main] o.s.b.w.embedded.tomcat.TomcatWebServer  : Tomcat started on port 8080 (http) with context path '/'
2025-09-09T16:51:09.476+09:00  INFO 134365 --- [           main] kr.goodee.StswebjpaApplication           : Started StswebjpaApplication in 4.001 seconds (process running for 4.613)
sudo: unable to read password: Input/output error
sudo: a password is required

  .   ____          _            __ _ _
 /\\ / ___'_ __ _ _(_)_ __  __ _ \ \ \ \
( ( )\___ | '_ | '_| | '_ \/ _` | \ \ \ \
 \\/  ___)| |_)| | | | | || (_| |  ) ) ) )
  '  |____| .__|_| |_|_| |_\__, | / / / /
 =========|_|==============|___/=/_/_/_/

 :: Spring Boot ::                (v3.3.4)

2025-09-09T17:16:55.446+09:00  INFO 143573 --- [           main] kr.goodee.StswebjpaApplication           : Starting StswebjpaApplication v0.0.1-SNAPSHOT using Java 17.0.16 with PID 143573 (/home/kimgyumwon/stswebjpa/target/stswebjpa-0.0.1-SNAPSHOT.jar started by root in /home/kimgyumwon/stswebjpa)
2025-09-09T17:16:55.449+09:00  INFO 143573 --- [           main] kr.goodee.StswebjpaApplication           : No active profile set, falling back to 1 default profile: "default"
2025-09-09T17:16:56.199+09:00  INFO 143573 --- [           main] .s.d.r.c.RepositoryConfigurationDelegate : Bootstrapping Spring Data JPA repositories in DEFAULT mode.
2025-09-09T17:16:56.268+09:00  INFO 143573 --- [           main] .s.d.r.c.RepositoryConfigurationDelegate : Finished Spring Data repository scanning in 60 ms. Found 1 JPA repository interface.
2025-09-09T17:16:56.797+09:00  INFO 143573 --- [           main] o.s.b.w.embedded.tomcat.TomcatWebServer  : Tomcat initialized with port 8080 (http)
2025-09-09T17:16:56.814+09:00  INFO 143573 --- [           main] o.apache.catalina.core.StandardService   : Starting service [Tomcat]
2025-09-09T17:16:56.814+09:00  INFO 143573 --- [           main] o.apache.catalina.core.StandardEngine    : Starting Servlet engine: [Apache Tomcat/10.1.30]
2025-09-09T17:16:56.852+09:00  INFO 143573 --- [           main] o.a.c.c.C.[Tomcat].[localhost].[/]       : Initializing Spring embedded WebApplicationContext
2025-09-09T17:16:56.853+09:00  INFO 143573 --- [           main] w.s.c.ServletWebServerApplicationContext : Root WebApplicationContext: initialization completed in 1354 ms
2025-09-09T17:16:57.008+09:00  INFO 143573 --- [           main] o.hibernate.jpa.internal.util.LogHelper  : HHH000204: Processing PersistenceUnitInfo [name: default]
2025-09-09T17:16:57.090+09:00  INFO 143573 --- [           main] org.hibernate.Version                    : HHH000412: Hibernate ORM core version 6.5.3.Final
2025-09-09T17:16:57.129+09:00  INFO 143573 --- [           main] o.h.c.internal.RegionFactoryInitiator    : HHH000026: Second-level cache disabled
2025-09-09T17:16:57.438+09:00  INFO 143573 --- [           main] o.s.o.j.p.SpringPersistenceUnitInfo      : No LoadTimeWeaver setup: ignoring JPA class transformer
2025-09-09T17:16:57.476+09:00  INFO 143573 --- [           main] com.zaxxer.hikari.HikariDataSource       : HikariPool-1 - Starting...
2025-09-09T17:16:57.588+09:00  INFO 143573 --- [           main] com.zaxxer.hikari.pool.HikariPool        : HikariPool-1 - Added connection org.mariadb.jdbc.Connection@2a04ab05
2025-09-09T17:16:57.589+09:00  INFO 143573 --- [           main] com.zaxxer.hikari.HikariDataSource       : HikariPool-1 - Start completed.
2025-09-09T17:16:58.249+09:00  INFO 143573 --- [           main] o.h.e.t.j.p.i.JtaPlatformInitiator       : HHH000489: No JTA platform available (set 'hibernate.transaction.jta.platform' to enable JTA platform integration)
2025-09-09T17:16:58.275+09:00  INFO 143573 --- [           main] j.LocalContainerEntityManagerFactoryBean : Initialized JPA EntityManagerFactory for persistence unit 'default'
2025-09-09T17:16:58.635+09:00  WARN 143573 --- [           main] JpaBaseConfiguration$JpaWebConfiguration : spring.jpa.open-in-view is enabled by default. Therefore, database queries may be performed during view rendering. Explicitly configure spring.jpa.open-in-view to disable this warning
2025-09-09T17:16:59.008+09:00  INFO 143573 --- [           main] o.s.b.w.embedded.tomcat.TomcatWebServer  : Tomcat started on port 8080 (http) with context path '/'
2025-09-09T17:16:59.030+09:00  INFO 143573 --- [           main] kr.goodee.StswebjpaApplication           : Started StswebjpaApplication in 4.048 seconds (process running for 4.744)

  .   ____          _            __ _ _
 /\\ / ___'_ __ _ _(_)_ __  __ _ \ \ \ \
( ( )\___ | '_ | '_| | '_ \/ _` | \ \ \ \
 \\/  ___)| |_)| | | | | || (_| |  ) ) ) )
  '  |____| .__|_| |_|_| |_\__, | / / / /
 =========|_|==============|___/=/_/_/_/

 :: Spring Boot ::                (v3.3.4)

2025-09-10T09:23:29.554+09:00  INFO 5435 --- [           main] kr.goodee.StswebjpaApplication           : Starting StswebjpaApplication v0.0.1-SNAPSHOT using Java 17.0.16 with PID 5435 (/home/kimgyumwon/stswebjpa/target/stswebjpa-0.0.1-SNAPSHOT.jar started by root in /home/kimgyumwon/stswebjpa)
2025-09-10T09:23:29.557+09:00  INFO 5435 --- [           main] kr.goodee.StswebjpaApplication           : No active profile set, falling back to 1 default profile: "default"
2025-09-10T09:23:30.398+09:00  INFO 5435 --- [           main] .s.d.r.c.RepositoryConfigurationDelegate : Bootstrapping Spring Data JPA repositories in DEFAULT mode.
2025-09-10T09:23:30.478+09:00  INFO 5435 --- [           main] .s.d.r.c.RepositoryConfigurationDelegate : Finished Spring Data repository scanning in 70 ms. Found 1 JPA repository interface.
2025-09-10T09:23:31.049+09:00  INFO 5435 --- [           main] o.s.b.w.embedded.tomcat.TomcatWebServer  : Tomcat initialized with port 8080 (http)
2025-09-10T09:23:31.067+09:00  INFO 5435 --- [           main] o.apache.catalina.core.StandardService   : Starting service [Tomcat]
2025-09-10T09:23:31.068+09:00  INFO 5435 --- [           main] o.apache.catalina.core.StandardEngine    : Starting Servlet engine: [Apache Tomcat/10.1.30]
2025-09-10T09:23:31.106+09:00  INFO 5435 --- [           main] o.a.c.c.C.[Tomcat].[localhost].[/]       : Initializing Spring embedded WebApplicationContext
2025-09-10T09:23:31.108+09:00  INFO 5435 --- [           main] w.s.c.ServletWebServerApplicationContext : Root WebApplicationContext: initialization completed in 1490 ms
2025-09-10T09:23:31.287+09:00  INFO 5435 --- [           main] o.hibernate.jpa.internal.util.LogHelper  : HHH000204: Processing PersistenceUnitInfo [name: default]
2025-09-10T09:23:31.357+09:00  INFO 5435 --- [           main] org.hibernate.Version                    : HHH000412: Hibernate ORM core version 6.5.3.Final
2025-09-10T09:23:31.393+09:00  INFO 5435 --- [           main] o.h.c.internal.RegionFactoryInitiator    : HHH000026: Second-level cache disabled
2025-09-10T09:23:31.742+09:00  INFO 5435 --- [           main] o.s.o.j.p.SpringPersistenceUnitInfo      : No LoadTimeWeaver setup: ignoring JPA class transformer
2025-09-10T09:23:31.775+09:00  INFO 5435 --- [           main] com.zaxxer.hikari.HikariDataSource       : HikariPool-1 - Starting...
2025-09-10T09:23:31.890+09:00  INFO 5435 --- [           main] com.zaxxer.hikari.pool.HikariPool        : HikariPool-1 - Added connection org.mariadb.jdbc.Connection@53d30d23
2025-09-10T09:23:31.892+09:00  INFO 5435 --- [           main] com.zaxxer.hikari.HikariDataSource       : HikariPool-1 - Start completed.
2025-09-10T09:23:32.602+09:00  INFO 5435 --- [           main] o.h.e.t.j.p.i.JtaPlatformInitiator       : HHH000489: No JTA platform available (set 'hibernate.transaction.jta.platform' to enable JTA platform integration)
2025-09-10T09:23:32.633+09:00  INFO 5435 --- [           main] j.LocalContainerEntityManagerFactoryBean : Initialized JPA EntityManagerFactory for persistence unit 'default'
2025-09-10T09:23:33.013+09:00  WARN 5435 --- [           main] JpaBaseConfiguration$JpaWebConfiguration : spring.jpa.open-in-view is enabled by default. Therefore, database queries may be performed during view rendering. Explicitly configure spring.jpa.open-in-view to disable this warning
2025-09-10T09:23:33.399+09:00  INFO 5435 --- [           main] o.s.b.w.embedded.tomcat.TomcatWebServer  : Tomcat started on port 8080 (http) with context path '/'
2025-09-10T09:23:33.420+09:00  INFO 5435 --- [           main] kr.goodee.StswebjpaApplication           : Started StswebjpaApplication in 4.375 seconds (process running for 5.082)
